2023-12-18 13:03:59,355:WARNING:
'cuml' is a soft dependency and not included in the pycaret installation. Please run: `pip install cuml` to install.
2023-12-18 13:03:59,355:WARNING:
'cuml' is a soft dependency and not included in the pycaret installation. Please run: `pip install cuml` to install.
2023-12-18 13:03:59,355:WARNING:
'cuml' is a soft dependency and not included in the pycaret installation. Please run: `pip install cuml` to install.
2023-12-18 13:03:59,355:WARNING:
'cuml' is a soft dependency and not included in the pycaret installation. Please run: `pip install cuml` to install.
2023-12-18 13:04:03,378:WARNING:
'xgboost' is a soft dependency and not included in the pycaret installation. Please run: `pip install xgboost` to install.
Alternately, you can install this by running `pip install pycaret[models]`
2023-12-18 13:04:03,421:WARNING:
'catboost' is a soft dependency and not included in the pycaret installation. Please run: `pip install catboost` to install.
Alternately, you can install this by running `pip install pycaret[models]`
2023-12-18 13:04:03,545:WARNING:
'xgboost' is a soft dependency and not included in the pycaret installation. Please run: `pip install xgboost` to install.
Alternately, you can install this by running `pip install pycaret[models]`
2023-12-18 13:04:03,545:WARNING:
'catboost' is a soft dependency and not included in the pycaret installation. Please run: `pip install catboost` to install.
Alternately, you can install this by running `pip install pycaret[models]`
2023-12-18 13:04:03,697:WARNING:
'xgboost' is a soft dependency and not included in the pycaret installation. Please run: `pip install xgboost` to install.
Alternately, you can install this by running `pip install pycaret[models]`
2023-12-18 13:04:03,722:WARNING:
'catboost' is a soft dependency and not included in the pycaret installation. Please run: `pip install catboost` to install.
Alternately, you can install this by running `pip install pycaret[models]`
2023-12-18 13:04:03,859:WARNING:
'xgboost' is a soft dependency and not included in the pycaret installation. Please run: `pip install xgboost` to install.
Alternately, you can install this by running `pip install pycaret[models]`
2023-12-18 13:04:03,859:WARNING:
'catboost' is a soft dependency and not included in the pycaret installation. Please run: `pip install catboost` to install.
Alternately, you can install this by running `pip install pycaret[models]`
2023-12-18 13:04:03,999:WARNING:
'xgboost' is a soft dependency and not included in the pycaret installation. Please run: `pip install xgboost` to install.
Alternately, you can install this by running `pip install pycaret[models]`
2023-12-18 13:04:03,999:WARNING:
'catboost' is a soft dependency and not included in the pycaret installation. Please run: `pip install catboost` to install.
Alternately, you can install this by running `pip install pycaret[models]`
2023-12-18 13:04:04,146:WARNING:
'xgboost' is a soft dependency and not included in the pycaret installation. Please run: `pip install xgboost` to install.
Alternately, you can install this by running `pip install pycaret[models]`
2023-12-18 13:04:04,146:WARNING:
'catboost' is a soft dependency and not included in the pycaret installation. Please run: `pip install catboost` to install.
Alternately, you can install this by running `pip install pycaret[models]`
2023-12-18 13:04:04,292:WARNING:
'xgboost' is a soft dependency and not included in the pycaret installation. Please run: `pip install xgboost` to install.
Alternately, you can install this by running `pip install pycaret[models]`
2023-12-18 13:04:04,292:WARNING:
'catboost' is a soft dependency and not included in the pycaret installation. Please run: `pip install catboost` to install.
Alternately, you can install this by running `pip install pycaret[models]`
2023-12-18 13:04:04,435:WARNING:
'xgboost' is a soft dependency and not included in the pycaret installation. Please run: `pip install xgboost` to install.
Alternately, you can install this by running `pip install pycaret[models]`
2023-12-18 13:04:04,436:WARNING:
'catboost' is a soft dependency and not included in the pycaret installation. Please run: `pip install catboost` to install.
Alternately, you can install this by running `pip install pycaret[models]`
2023-12-18 13:04:04,556:WARNING:
'xgboost' is a soft dependency and not included in the pycaret installation. Please run: `pip install xgboost` to install.
Alternately, you can install this by running `pip install pycaret[models]`
2023-12-18 13:04:04,556:WARNING:
'catboost' is a soft dependency and not included in the pycaret installation. Please run: `pip install catboost` to install.
Alternately, you can install this by running `pip install pycaret[models]`
2023-12-18 13:04:04,699:WARNING:
'xgboost' is a soft dependency and not included in the pycaret installation. Please run: `pip install xgboost` to install.
Alternately, you can install this by running `pip install pycaret[models]`
2023-12-18 13:04:04,699:WARNING:
'catboost' is a soft dependency and not included in the pycaret installation. Please run: `pip install catboost` to install.
Alternately, you can install this by running `pip install pycaret[models]`
2023-12-18 13:04:04,839:WARNING:
'xgboost' is a soft dependency and not included in the pycaret installation. Please run: `pip install xgboost` to install.
Alternately, you can install this by running `pip install pycaret[models]`
2023-12-18 13:04:04,839:WARNING:
'catboost' is a soft dependency and not included in the pycaret installation. Please run: `pip install catboost` to install.
Alternately, you can install this by running `pip install pycaret[models]`
2023-12-18 13:04:04,963:WARNING:
'xgboost' is a soft dependency and not included in the pycaret installation. Please run: `pip install xgboost` to install.
Alternately, you can install this by running `pip install pycaret[models]`
2023-12-18 13:04:04,963:WARNING:
'catboost' is a soft dependency and not included in the pycaret installation. Please run: `pip install catboost` to install.
Alternately, you can install this by running `pip install pycaret[models]`
2023-12-18 13:04:05,452:WARNING:
'xgboost' is a soft dependency and not included in the pycaret installation. Please run: `pip install xgboost` to install.
Alternately, you can install this by running `pip install pycaret[models]`
2023-12-18 13:04:05,452:WARNING:
'catboost' is a soft dependency and not included in the pycaret installation. Please run: `pip install catboost` to install.
Alternately, you can install this by running `pip install pycaret[models]`
2023-12-18 13:04:05,575:WARNING:
'xgboost' is a soft dependency and not included in the pycaret installation. Please run: `pip install xgboost` to install.
Alternately, you can install this by running `pip install pycaret[models]`
2023-12-18 13:04:05,575:WARNING:
'catboost' is a soft dependency and not included in the pycaret installation. Please run: `pip install catboost` to install.
Alternately, you can install this by running `pip install pycaret[models]`
2023-12-18 13:04:21,073:WARNING:C:\Users\14357\DOCUME~1\VIRTUA~1\STRESS~1.846\lib\site-packages\sklearn\linear_model\_huber.py:342: ConvergenceWarning: lbfgs failed to converge (status=1):
STOP: TOTAL NO. of ITERATIONS REACHED LIMIT.

Increase the number of iterations (max_iter) or scale the data as shown in:
    https://scikit-learn.org/stable/modules/preprocessing.html
  self.n_iter_ = _check_optimize_result("lbfgs", opt_res, self.max_iter)

2023-12-18 13:04:21,149:WARNING:C:\Users\14357\DOCUME~1\VIRTUA~1\STRESS~1.846\lib\site-packages\sklearn\linear_model\_huber.py:342: ConvergenceWarning: lbfgs failed to converge (status=1):
STOP: TOTAL NO. of ITERATIONS REACHED LIMIT.

Increase the number of iterations (max_iter) or scale the data as shown in:
    https://scikit-learn.org/stable/modules/preprocessing.html
  self.n_iter_ = _check_optimize_result("lbfgs", opt_res, self.max_iter)

2023-12-18 13:04:21,228:WARNING:C:\Users\14357\DOCUME~1\VIRTUA~1\STRESS~1.846\lib\site-packages\sklearn\linear_model\_huber.py:342: ConvergenceWarning: lbfgs failed to converge (status=1):
STOP: TOTAL NO. of ITERATIONS REACHED LIMIT.

Increase the number of iterations (max_iter) or scale the data as shown in:
    https://scikit-learn.org/stable/modules/preprocessing.html
  self.n_iter_ = _check_optimize_result("lbfgs", opt_res, self.max_iter)

2023-12-18 13:04:21,324:WARNING:C:\Users\14357\DOCUME~1\VIRTUA~1\STRESS~1.846\lib\site-packages\sklearn\linear_model\_huber.py:342: ConvergenceWarning: lbfgs failed to converge (status=1):
STOP: TOTAL NO. of ITERATIONS REACHED LIMIT.

Increase the number of iterations (max_iter) or scale the data as shown in:
    https://scikit-learn.org/stable/modules/preprocessing.html
  self.n_iter_ = _check_optimize_result("lbfgs", opt_res, self.max_iter)

2023-12-18 13:04:21,387:WARNING:C:\Users\14357\DOCUME~1\VIRTUA~1\STRESS~1.846\lib\site-packages\sklearn\linear_model\_huber.py:342: ConvergenceWarning: lbfgs failed to converge (status=1):
STOP: TOTAL NO. of ITERATIONS REACHED LIMIT.

Increase the number of iterations (max_iter) or scale the data as shown in:
    https://scikit-learn.org/stable/modules/preprocessing.html
  self.n_iter_ = _check_optimize_result("lbfgs", opt_res, self.max_iter)

2023-12-18 13:04:21,450:WARNING:C:\Users\14357\DOCUME~1\VIRTUA~1\STRESS~1.846\lib\site-packages\sklearn\linear_model\_huber.py:342: ConvergenceWarning: lbfgs failed to converge (status=1):
STOP: TOTAL NO. of ITERATIONS REACHED LIMIT.

Increase the number of iterations (max_iter) or scale the data as shown in:
    https://scikit-learn.org/stable/modules/preprocessing.html
  self.n_iter_ = _check_optimize_result("lbfgs", opt_res, self.max_iter)

2023-12-18 13:04:21,528:WARNING:C:\Users\14357\DOCUME~1\VIRTUA~1\STRESS~1.846\lib\site-packages\sklearn\linear_model\_huber.py:342: ConvergenceWarning: lbfgs failed to converge (status=1):
STOP: TOTAL NO. of ITERATIONS REACHED LIMIT.

Increase the number of iterations (max_iter) or scale the data as shown in:
    https://scikit-learn.org/stable/modules/preprocessing.html
  self.n_iter_ = _check_optimize_result("lbfgs", opt_res, self.max_iter)

2023-12-18 13:04:21,591:WARNING:C:\Users\14357\DOCUME~1\VIRTUA~1\STRESS~1.846\lib\site-packages\sklearn\linear_model\_huber.py:342: ConvergenceWarning: lbfgs failed to converge (status=1):
STOP: TOTAL NO. of ITERATIONS REACHED LIMIT.

Increase the number of iterations (max_iter) or scale the data as shown in:
    https://scikit-learn.org/stable/modules/preprocessing.html
  self.n_iter_ = _check_optimize_result("lbfgs", opt_res, self.max_iter)

2023-12-18 13:04:21,656:WARNING:C:\Users\14357\DOCUME~1\VIRTUA~1\STRESS~1.846\lib\site-packages\sklearn\linear_model\_huber.py:342: ConvergenceWarning: lbfgs failed to converge (status=1):
STOP: TOTAL NO. of ITERATIONS REACHED LIMIT.

Increase the number of iterations (max_iter) or scale the data as shown in:
    https://scikit-learn.org/stable/modules/preprocessing.html
  self.n_iter_ = _check_optimize_result("lbfgs", opt_res, self.max_iter)

2023-12-18 13:04:21,735:WARNING:C:\Users\14357\DOCUME~1\VIRTUA~1\STRESS~1.846\lib\site-packages\sklearn\linear_model\_huber.py:342: ConvergenceWarning: lbfgs failed to converge (status=1):
STOP: TOTAL NO. of ITERATIONS REACHED LIMIT.

Increase the number of iterations (max_iter) or scale the data as shown in:
    https://scikit-learn.org/stable/modules/preprocessing.html
  self.n_iter_ = _check_optimize_result("lbfgs", opt_res, self.max_iter)

2023-12-18 13:04:27,439:WARNING:C:\Users\14357\DOCUME~1\VIRTUA~1\STRESS~1.846\lib\site-packages\sklearn\linear_model\_huber.py:342: ConvergenceWarning: lbfgs failed to converge (status=1):
STOP: TOTAL NO. of ITERATIONS REACHED LIMIT.

Increase the number of iterations (max_iter) or scale the data as shown in:
    https://scikit-learn.org/stable/modules/preprocessing.html
  self.n_iter_ = _check_optimize_result("lbfgs", opt_res, self.max_iter)

2023-12-22 11:31:10,040:WARNING:
'cuml' is a soft dependency and not included in the pycaret installation. Please run: `pip install cuml` to install.
2023-12-22 11:31:10,082:WARNING:
'cuml' is a soft dependency and not included in the pycaret installation. Please run: `pip install cuml` to install.
2023-12-22 11:31:10,082:WARNING:
'cuml' is a soft dependency and not included in the pycaret installation. Please run: `pip install cuml` to install.
2023-12-22 11:31:10,082:WARNING:
'cuml' is a soft dependency and not included in the pycaret installation. Please run: `pip install cuml` to install.
2023-12-22 11:32:55,297:WARNING:
'xgboost' is a soft dependency and not included in the pycaret installation. Please run: `pip install xgboost` to install.
Alternately, you can install this by running `pip install pycaret[models]`
2023-12-22 11:32:55,297:WARNING:
'catboost' is a soft dependency and not included in the pycaret installation. Please run: `pip install catboost` to install.
Alternately, you can install this by running `pip install pycaret[models]`
2023-12-22 11:32:55,478:WARNING:
'xgboost' is a soft dependency and not included in the pycaret installation. Please run: `pip install xgboost` to install.
Alternately, you can install this by running `pip install pycaret[models]`
2023-12-22 11:32:55,478:WARNING:
'catboost' is a soft dependency and not included in the pycaret installation. Please run: `pip install catboost` to install.
Alternately, you can install this by running `pip install pycaret[models]`
2023-12-22 11:32:55,677:WARNING:
'xgboost' is a soft dependency and not included in the pycaret installation. Please run: `pip install xgboost` to install.
Alternately, you can install this by running `pip install pycaret[models]`
2023-12-22 11:32:55,687:WARNING:
'catboost' is a soft dependency and not included in the pycaret installation. Please run: `pip install catboost` to install.
Alternately, you can install this by running `pip install pycaret[models]`
2023-12-22 11:32:55,865:WARNING:
'xgboost' is a soft dependency and not included in the pycaret installation. Please run: `pip install xgboost` to install.
Alternately, you can install this by running `pip install pycaret[models]`
2023-12-22 11:32:55,865:WARNING:
'catboost' is a soft dependency and not included in the pycaret installation. Please run: `pip install catboost` to install.
Alternately, you can install this by running `pip install pycaret[models]`
2023-12-22 11:32:56,042:WARNING:
'xgboost' is a soft dependency and not included in the pycaret installation. Please run: `pip install xgboost` to install.
Alternately, you can install this by running `pip install pycaret[models]`
2023-12-22 11:32:56,042:WARNING:
'catboost' is a soft dependency and not included in the pycaret installation. Please run: `pip install catboost` to install.
Alternately, you can install this by running `pip install pycaret[models]`
2023-12-22 11:32:56,208:WARNING:
'xgboost' is a soft dependency and not included in the pycaret installation. Please run: `pip install xgboost` to install.
Alternately, you can install this by running `pip install pycaret[models]`
2023-12-22 11:32:56,208:WARNING:
'catboost' is a soft dependency and not included in the pycaret installation. Please run: `pip install catboost` to install.
Alternately, you can install this by running `pip install pycaret[models]`
2023-12-22 11:32:56,397:WARNING:
'xgboost' is a soft dependency and not included in the pycaret installation. Please run: `pip install xgboost` to install.
Alternately, you can install this by running `pip install pycaret[models]`
2023-12-22 11:32:56,397:WARNING:
'catboost' is a soft dependency and not included in the pycaret installation. Please run: `pip install catboost` to install.
Alternately, you can install this by running `pip install pycaret[models]`
2023-12-22 11:32:56,585:WARNING:
'xgboost' is a soft dependency and not included in the pycaret installation. Please run: `pip install xgboost` to install.
Alternately, you can install this by running `pip install pycaret[models]`
2023-12-22 11:32:56,585:WARNING:
'catboost' is a soft dependency and not included in the pycaret installation. Please run: `pip install catboost` to install.
Alternately, you can install this by running `pip install pycaret[models]`
2023-12-22 11:32:56,775:WARNING:
'xgboost' is a soft dependency and not included in the pycaret installation. Please run: `pip install xgboost` to install.
Alternately, you can install this by running `pip install pycaret[models]`
2023-12-22 11:32:56,775:WARNING:
'catboost' is a soft dependency and not included in the pycaret installation. Please run: `pip install catboost` to install.
Alternately, you can install this by running `pip install pycaret[models]`
2023-12-22 11:32:56,948:WARNING:
'xgboost' is a soft dependency and not included in the pycaret installation. Please run: `pip install xgboost` to install.
Alternately, you can install this by running `pip install pycaret[models]`
2023-12-22 11:32:56,948:WARNING:
'catboost' is a soft dependency and not included in the pycaret installation. Please run: `pip install catboost` to install.
Alternately, you can install this by running `pip install pycaret[models]`
2023-12-22 11:32:57,138:WARNING:
'xgboost' is a soft dependency and not included in the pycaret installation. Please run: `pip install xgboost` to install.
Alternately, you can install this by running `pip install pycaret[models]`
2023-12-22 11:32:57,138:WARNING:
'catboost' is a soft dependency and not included in the pycaret installation. Please run: `pip install catboost` to install.
Alternately, you can install this by running `pip install pycaret[models]`
2023-12-22 11:32:57,335:WARNING:
'xgboost' is a soft dependency and not included in the pycaret installation. Please run: `pip install xgboost` to install.
Alternately, you can install this by running `pip install pycaret[models]`
2023-12-22 11:32:57,335:WARNING:
'catboost' is a soft dependency and not included in the pycaret installation. Please run: `pip install catboost` to install.
Alternately, you can install this by running `pip install pycaret[models]`
2023-12-22 11:32:57,603:WARNING:
'xgboost' is a soft dependency and not included in the pycaret installation. Please run: `pip install xgboost` to install.
Alternately, you can install this by running `pip install pycaret[models]`
2023-12-22 11:32:57,603:WARNING:
'catboost' is a soft dependency and not included in the pycaret installation. Please run: `pip install catboost` to install.
Alternately, you can install this by running `pip install pycaret[models]`
2023-12-22 11:32:57,794:WARNING:
'xgboost' is a soft dependency and not included in the pycaret installation. Please run: `pip install xgboost` to install.
Alternately, you can install this by running `pip install pycaret[models]`
2023-12-22 11:32:57,794:WARNING:
'catboost' is a soft dependency and not included in the pycaret installation. Please run: `pip install catboost` to install.
Alternately, you can install this by running `pip install pycaret[models]`
2023-12-22 11:35:29,600:WARNING:C:\Users\14357\DOCUME~1\VIRTUA~1\STRESS~3\lib\site-packages\sklearn\utils\validation.py:1143: DataConversionWarning: A column-vector y was passed when a 1d array was expected. Please change the shape of y to (n_samples, ), for example using ravel().
  y = column_or_1d(y, warn=True)

2023-12-22 11:35:29,905:WARNING:C:\Users\14357\DOCUME~1\VIRTUA~1\STRESS~3\lib\site-packages\sklearn\utils\validation.py:1143: DataConversionWarning: A column-vector y was passed when a 1d array was expected. Please change the shape of y to (n_samples, ), for example using ravel().
  y = column_or_1d(y, warn=True)

2023-12-22 11:35:29,968:WARNING:C:\Users\14357\DOCUME~1\VIRTUA~1\STRESS~3\lib\site-packages\sklearn\ensemble\_gb.py:437: DataConversionWarning: A column-vector y was passed when a 1d array was expected. Please change the shape of y to (n_samples, ), for example using ravel().
  y = column_or_1d(y, warn=True)

2023-12-22 11:35:30,367:WARNING:C:\Users\14357\DOCUME~1\VIRTUA~1\STRESS~3\lib\site-packages\sklearn\utils\validation.py:1143: DataConversionWarning: A column-vector y was passed when a 1d array was expected. Please change the shape of y to (n_samples, ), for example using ravel().
  y = column_or_1d(y, warn=True)

2023-12-22 11:35:30,553:WARNING:C:/Users/14357/github/research/stressor/inst/python/refit.py:2: DataConversionWarning: A column-vector y was passed when a 1d array was expected. Please change the shape of y to (n_samples,), for example using ravel().
  refit_mlm_new_model = r.refit_mlm_temp.fit(r.refit_mlm_X, r.refit_mlm_y)

2023-12-22 11:35:31,086:WARNING:C:/Users/14357/github/research/stressor/inst/python/refit.py:2: DataConversionWarning: A column-vector y was passed when a 1d array was expected. Please change the shape of y to (n_samples,), for example using ravel().
  refit_mlm_new_model = r.refit_mlm_temp.fit(r.refit_mlm_X, r.refit_mlm_y)

2023-12-22 11:35:31,870:WARNING:C:\Users\14357\DOCUME~1\VIRTUA~1\STRESS~3\lib\site-packages\sklearn\utils\validation.py:1143: DataConversionWarning: A column-vector y was passed when a 1d array was expected. Please change the shape of y to (n_samples, ), for example using ravel().
  y = column_or_1d(y, warn=True)

2023-12-22 11:35:32,069:WARNING:C:\Users\14357\DOCUME~1\VIRTUA~1\STRESS~3\lib\site-packages\sklearn\utils\validation.py:1143: DataConversionWarning: A column-vector y was passed when a 1d array was expected. Please change the shape of y to (n_samples, ), for example using ravel().
  y = column_or_1d(y, warn=True)

2023-12-22 11:35:32,734:WARNING:C:\Users\14357\DOCUME~1\VIRTUA~1\STRESS~3\lib\site-packages\sklearn\utils\validation.py:1143: DataConversionWarning: A column-vector y was passed when a 1d array was expected. Please change the shape of y to (n_samples, ), for example using ravel().
  y = column_or_1d(y, warn=True)

2023-12-22 11:35:32,941:WARNING:C:\Users\14357\DOCUME~1\VIRTUA~1\STRESS~3\lib\site-packages\sklearn\utils\validation.py:1143: DataConversionWarning: A column-vector y was passed when a 1d array was expected. Please change the shape of y to (n_samples, ), for example using ravel().
  y = column_or_1d(y, warn=True)

2023-12-22 11:35:32,988:WARNING:C:\Users\14357\DOCUME~1\VIRTUA~1\STRESS~3\lib\site-packages\sklearn\ensemble\_gb.py:437: DataConversionWarning: A column-vector y was passed when a 1d array was expected. Please change the shape of y to (n_samples, ), for example using ravel().
  y = column_or_1d(y, warn=True)

2023-12-22 11:35:33,366:WARNING:C:\Users\14357\DOCUME~1\VIRTUA~1\STRESS~3\lib\site-packages\sklearn\utils\validation.py:1143: DataConversionWarning: A column-vector y was passed when a 1d array was expected. Please change the shape of y to (n_samples, ), for example using ravel().
  y = column_or_1d(y, warn=True)

2023-12-22 11:35:33,497:WARNING:C:/Users/14357/github/research/stressor/inst/python/refit.py:2: DataConversionWarning: A column-vector y was passed when a 1d array was expected. Please change the shape of y to (n_samples,), for example using ravel().
  refit_mlm_new_model = r.refit_mlm_temp.fit(r.refit_mlm_X, r.refit_mlm_y)

2023-12-22 11:35:33,914:WARNING:C:/Users/14357/github/research/stressor/inst/python/refit.py:2: DataConversionWarning: A column-vector y was passed when a 1d array was expected. Please change the shape of y to (n_samples,), for example using ravel().
  refit_mlm_new_model = r.refit_mlm_temp.fit(r.refit_mlm_X, r.refit_mlm_y)

2023-12-22 11:35:34,681:WARNING:C:\Users\14357\DOCUME~1\VIRTUA~1\STRESS~3\lib\site-packages\sklearn\utils\validation.py:1143: DataConversionWarning: A column-vector y was passed when a 1d array was expected. Please change the shape of y to (n_samples, ), for example using ravel().
  y = column_or_1d(y, warn=True)

2023-12-22 11:35:34,884:WARNING:C:\Users\14357\DOCUME~1\VIRTUA~1\STRESS~3\lib\site-packages\sklearn\utils\validation.py:1143: DataConversionWarning: A column-vector y was passed when a 1d array was expected. Please change the shape of y to (n_samples, ), for example using ravel().
  y = column_or_1d(y, warn=True)

2023-12-22 11:35:35,281:WARNING:C:\Users\14357\DOCUME~1\VIRTUA~1\STRESS~3\lib\site-packages\sklearn\utils\validation.py:1143: DataConversionWarning: A column-vector y was passed when a 1d array was expected. Please change the shape of y to (n_samples, ), for example using ravel().
  y = column_or_1d(y, warn=True)

2023-12-22 11:35:35,494:WARNING:C:\Users\14357\DOCUME~1\VIRTUA~1\STRESS~3\lib\site-packages\sklearn\utils\validation.py:1143: DataConversionWarning: A column-vector y was passed when a 1d array was expected. Please change the shape of y to (n_samples, ), for example using ravel().
  y = column_or_1d(y, warn=True)

2023-12-22 11:35:35,541:WARNING:C:\Users\14357\DOCUME~1\VIRTUA~1\STRESS~3\lib\site-packages\sklearn\ensemble\_gb.py:437: DataConversionWarning: A column-vector y was passed when a 1d array was expected. Please change the shape of y to (n_samples, ), for example using ravel().
  y = column_or_1d(y, warn=True)

2023-12-22 11:35:35,912:WARNING:C:\Users\14357\DOCUME~1\VIRTUA~1\STRESS~3\lib\site-packages\sklearn\utils\validation.py:1143: DataConversionWarning: A column-vector y was passed when a 1d array was expected. Please change the shape of y to (n_samples, ), for example using ravel().
  y = column_or_1d(y, warn=True)

2023-12-22 11:35:36,055:WARNING:C:/Users/14357/github/research/stressor/inst/python/refit.py:2: DataConversionWarning: A column-vector y was passed when a 1d array was expected. Please change the shape of y to (n_samples,), for example using ravel().
  refit_mlm_new_model = r.refit_mlm_temp.fit(r.refit_mlm_X, r.refit_mlm_y)

2023-12-22 11:35:36,484:WARNING:C:/Users/14357/github/research/stressor/inst/python/refit.py:2: DataConversionWarning: A column-vector y was passed when a 1d array was expected. Please change the shape of y to (n_samples,), for example using ravel().
  refit_mlm_new_model = r.refit_mlm_temp.fit(r.refit_mlm_X, r.refit_mlm_y)

2023-12-22 11:35:37,254:WARNING:C:\Users\14357\DOCUME~1\VIRTUA~1\STRESS~3\lib\site-packages\sklearn\utils\validation.py:1143: DataConversionWarning: A column-vector y was passed when a 1d array was expected. Please change the shape of y to (n_samples, ), for example using ravel().
  y = column_or_1d(y, warn=True)

2023-12-22 11:35:37,499:WARNING:C:\Users\14357\DOCUME~1\VIRTUA~1\STRESS~3\lib\site-packages\sklearn\utils\validation.py:1143: DataConversionWarning: A column-vector y was passed when a 1d array was expected. Please change the shape of y to (n_samples, ), for example using ravel().
  y = column_or_1d(y, warn=True)

2023-12-22 11:35:37,900:WARNING:C:\Users\14357\DOCUME~1\VIRTUA~1\STRESS~3\lib\site-packages\sklearn\utils\validation.py:1143: DataConversionWarning: A column-vector y was passed when a 1d array was expected. Please change the shape of y to (n_samples, ), for example using ravel().
  y = column_or_1d(y, warn=True)

2023-12-22 11:35:38,136:WARNING:C:\Users\14357\DOCUME~1\VIRTUA~1\STRESS~3\lib\site-packages\sklearn\utils\validation.py:1143: DataConversionWarning: A column-vector y was passed when a 1d array was expected. Please change the shape of y to (n_samples, ), for example using ravel().
  y = column_or_1d(y, warn=True)

2023-12-22 11:35:38,183:WARNING:C:\Users\14357\DOCUME~1\VIRTUA~1\STRESS~3\lib\site-packages\sklearn\ensemble\_gb.py:437: DataConversionWarning: A column-vector y was passed when a 1d array was expected. Please change the shape of y to (n_samples, ), for example using ravel().
  y = column_or_1d(y, warn=True)

2023-12-22 11:35:38,462:WARNING:C:\Users\14357\DOCUME~1\VIRTUA~1\STRESS~3\lib\site-packages\sklearn\utils\validation.py:1143: DataConversionWarning: A column-vector y was passed when a 1d array was expected. Please change the shape of y to (n_samples, ), for example using ravel().
  y = column_or_1d(y, warn=True)

2023-12-22 11:35:38,579:WARNING:C:/Users/14357/github/research/stressor/inst/python/refit.py:2: DataConversionWarning: A column-vector y was passed when a 1d array was expected. Please change the shape of y to (n_samples,), for example using ravel().
  refit_mlm_new_model = r.refit_mlm_temp.fit(r.refit_mlm_X, r.refit_mlm_y)

2023-12-22 11:35:38,909:WARNING:C:/Users/14357/github/research/stressor/inst/python/refit.py:2: DataConversionWarning: A column-vector y was passed when a 1d array was expected. Please change the shape of y to (n_samples,), for example using ravel().
  refit_mlm_new_model = r.refit_mlm_temp.fit(r.refit_mlm_X, r.refit_mlm_y)

2023-12-22 11:35:39,461:WARNING:C:\Users\14357\DOCUME~1\VIRTUA~1\STRESS~3\lib\site-packages\sklearn\utils\validation.py:1143: DataConversionWarning: A column-vector y was passed when a 1d array was expected. Please change the shape of y to (n_samples, ), for example using ravel().
  y = column_or_1d(y, warn=True)

2023-12-22 11:35:39,618:WARNING:C:\Users\14357\DOCUME~1\VIRTUA~1\STRESS~3\lib\site-packages\sklearn\utils\validation.py:1143: DataConversionWarning: A column-vector y was passed when a 1d array was expected. Please change the shape of y to (n_samples, ), for example using ravel().
  y = column_or_1d(y, warn=True)

2023-12-22 11:35:39,945:WARNING:C:\Users\14357\DOCUME~1\VIRTUA~1\STRESS~3\lib\site-packages\sklearn\utils\validation.py:1143: DataConversionWarning: A column-vector y was passed when a 1d array was expected. Please change the shape of y to (n_samples, ), for example using ravel().
  y = column_or_1d(y, warn=True)

2023-12-22 11:35:40,102:WARNING:C:\Users\14357\DOCUME~1\VIRTUA~1\STRESS~3\lib\site-packages\sklearn\utils\validation.py:1143: DataConversionWarning: A column-vector y was passed when a 1d array was expected. Please change the shape of y to (n_samples, ), for example using ravel().
  y = column_or_1d(y, warn=True)

2023-12-22 11:35:40,149:WARNING:C:\Users\14357\DOCUME~1\VIRTUA~1\STRESS~3\lib\site-packages\sklearn\ensemble\_gb.py:437: DataConversionWarning: A column-vector y was passed when a 1d array was expected. Please change the shape of y to (n_samples, ), for example using ravel().
  y = column_or_1d(y, warn=True)

2023-12-22 11:35:40,448:WARNING:C:\Users\14357\DOCUME~1\VIRTUA~1\STRESS~3\lib\site-packages\sklearn\utils\validation.py:1143: DataConversionWarning: A column-vector y was passed when a 1d array was expected. Please change the shape of y to (n_samples, ), for example using ravel().
  y = column_or_1d(y, warn=True)

2023-12-22 11:35:40,588:WARNING:C:/Users/14357/github/research/stressor/inst/python/refit.py:2: DataConversionWarning: A column-vector y was passed when a 1d array was expected. Please change the shape of y to (n_samples,), for example using ravel().
  refit_mlm_new_model = r.refit_mlm_temp.fit(r.refit_mlm_X, r.refit_mlm_y)

2023-12-22 11:35:40,947:WARNING:C:/Users/14357/github/research/stressor/inst/python/refit.py:2: DataConversionWarning: A column-vector y was passed when a 1d array was expected. Please change the shape of y to (n_samples,), for example using ravel().
  refit_mlm_new_model = r.refit_mlm_temp.fit(r.refit_mlm_X, r.refit_mlm_y)

2023-12-22 11:35:41,494:WARNING:C:\Users\14357\DOCUME~1\VIRTUA~1\STRESS~3\lib\site-packages\sklearn\utils\validation.py:1143: DataConversionWarning: A column-vector y was passed when a 1d array was expected. Please change the shape of y to (n_samples, ), for example using ravel().
  y = column_or_1d(y, warn=True)

2023-12-22 11:35:41,646:WARNING:C:\Users\14357\DOCUME~1\VIRTUA~1\STRESS~3\lib\site-packages\sklearn\utils\validation.py:1143: DataConversionWarning: A column-vector y was passed when a 1d array was expected. Please change the shape of y to (n_samples, ), for example using ravel().
  y = column_or_1d(y, warn=True)

2023-12-22 11:35:41,994:WARNING:C:\Users\14357\DOCUME~1\VIRTUA~1\STRESS~3\lib\site-packages\sklearn\utils\validation.py:1143: DataConversionWarning: A column-vector y was passed when a 1d array was expected. Please change the shape of y to (n_samples, ), for example using ravel().
  y = column_or_1d(y, warn=True)

2023-12-22 11:35:42,154:WARNING:C:\Users\14357\DOCUME~1\VIRTUA~1\STRESS~3\lib\site-packages\sklearn\utils\validation.py:1143: DataConversionWarning: A column-vector y was passed when a 1d array was expected. Please change the shape of y to (n_samples, ), for example using ravel().
  y = column_or_1d(y, warn=True)

2023-12-22 11:35:42,186:WARNING:C:\Users\14357\DOCUME~1\VIRTUA~1\STRESS~3\lib\site-packages\sklearn\ensemble\_gb.py:437: DataConversionWarning: A column-vector y was passed when a 1d array was expected. Please change the shape of y to (n_samples, ), for example using ravel().
  y = column_or_1d(y, warn=True)

2023-12-22 11:35:42,462:WARNING:C:\Users\14357\DOCUME~1\VIRTUA~1\STRESS~3\lib\site-packages\sklearn\utils\validation.py:1143: DataConversionWarning: A column-vector y was passed when a 1d array was expected. Please change the shape of y to (n_samples, ), for example using ravel().
  y = column_or_1d(y, warn=True)

2023-12-22 11:35:42,597:WARNING:C:/Users/14357/github/research/stressor/inst/python/refit.py:2: DataConversionWarning: A column-vector y was passed when a 1d array was expected. Please change the shape of y to (n_samples,), for example using ravel().
  refit_mlm_new_model = r.refit_mlm_temp.fit(r.refit_mlm_X, r.refit_mlm_y)

2023-12-22 11:35:42,946:WARNING:C:/Users/14357/github/research/stressor/inst/python/refit.py:2: DataConversionWarning: A column-vector y was passed when a 1d array was expected. Please change the shape of y to (n_samples,), for example using ravel().
  refit_mlm_new_model = r.refit_mlm_temp.fit(r.refit_mlm_X, r.refit_mlm_y)

2023-12-22 11:35:43,512:WARNING:C:\Users\14357\DOCUME~1\VIRTUA~1\STRESS~3\lib\site-packages\sklearn\utils\validation.py:1143: DataConversionWarning: A column-vector y was passed when a 1d array was expected. Please change the shape of y to (n_samples, ), for example using ravel().
  y = column_or_1d(y, warn=True)

2023-12-22 11:35:43,659:WARNING:C:\Users\14357\DOCUME~1\VIRTUA~1\STRESS~3\lib\site-packages\sklearn\utils\validation.py:1143: DataConversionWarning: A column-vector y was passed when a 1d array was expected. Please change the shape of y to (n_samples, ), for example using ravel().
  y = column_or_1d(y, warn=True)

2023-12-22 11:35:43,990:WARNING:C:\Users\14357\DOCUME~1\VIRTUA~1\STRESS~3\lib\site-packages\sklearn\utils\validation.py:1143: DataConversionWarning: A column-vector y was passed when a 1d array was expected. Please change the shape of y to (n_samples, ), for example using ravel().
  y = column_or_1d(y, warn=True)

2023-12-22 11:35:44,147:WARNING:C:\Users\14357\DOCUME~1\VIRTUA~1\STRESS~3\lib\site-packages\sklearn\utils\validation.py:1143: DataConversionWarning: A column-vector y was passed when a 1d array was expected. Please change the shape of y to (n_samples, ), for example using ravel().
  y = column_or_1d(y, warn=True)

2023-12-22 11:35:44,196:WARNING:C:\Users\14357\DOCUME~1\VIRTUA~1\STRESS~3\lib\site-packages\sklearn\ensemble\_gb.py:437: DataConversionWarning: A column-vector y was passed when a 1d array was expected. Please change the shape of y to (n_samples, ), for example using ravel().
  y = column_or_1d(y, warn=True)

2023-12-22 11:35:44,495:WARNING:C:\Users\14357\DOCUME~1\VIRTUA~1\STRESS~3\lib\site-packages\sklearn\utils\validation.py:1143: DataConversionWarning: A column-vector y was passed when a 1d array was expected. Please change the shape of y to (n_samples, ), for example using ravel().
  y = column_or_1d(y, warn=True)

2023-12-22 11:35:44,626:WARNING:C:/Users/14357/github/research/stressor/inst/python/refit.py:2: DataConversionWarning: A column-vector y was passed when a 1d array was expected. Please change the shape of y to (n_samples,), for example using ravel().
  refit_mlm_new_model = r.refit_mlm_temp.fit(r.refit_mlm_X, r.refit_mlm_y)

2023-12-22 11:35:44,995:WARNING:C:/Users/14357/github/research/stressor/inst/python/refit.py:2: DataConversionWarning: A column-vector y was passed when a 1d array was expected. Please change the shape of y to (n_samples,), for example using ravel().
  refit_mlm_new_model = r.refit_mlm_temp.fit(r.refit_mlm_X, r.refit_mlm_y)

2023-12-22 11:35:45,571:WARNING:C:\Users\14357\DOCUME~1\VIRTUA~1\STRESS~3\lib\site-packages\sklearn\utils\validation.py:1143: DataConversionWarning: A column-vector y was passed when a 1d array was expected. Please change the shape of y to (n_samples, ), for example using ravel().
  y = column_or_1d(y, warn=True)

2023-12-22 11:35:45,728:WARNING:C:\Users\14357\DOCUME~1\VIRTUA~1\STRESS~3\lib\site-packages\sklearn\utils\validation.py:1143: DataConversionWarning: A column-vector y was passed when a 1d array was expected. Please change the shape of y to (n_samples, ), for example using ravel().
  y = column_or_1d(y, warn=True)

2023-12-22 11:35:46,077:WARNING:C:\Users\14357\DOCUME~1\VIRTUA~1\STRESS~3\lib\site-packages\sklearn\utils\validation.py:1143: DataConversionWarning: A column-vector y was passed when a 1d array was expected. Please change the shape of y to (n_samples, ), for example using ravel().
  y = column_or_1d(y, warn=True)

2023-12-22 11:35:46,249:WARNING:C:\Users\14357\DOCUME~1\VIRTUA~1\STRESS~3\lib\site-packages\sklearn\utils\validation.py:1143: DataConversionWarning: A column-vector y was passed when a 1d array was expected. Please change the shape of y to (n_samples, ), for example using ravel().
  y = column_or_1d(y, warn=True)

2023-12-22 11:35:46,299:WARNING:C:\Users\14357\DOCUME~1\VIRTUA~1\STRESS~3\lib\site-packages\sklearn\ensemble\_gb.py:437: DataConversionWarning: A column-vector y was passed when a 1d array was expected. Please change the shape of y to (n_samples, ), for example using ravel().
  y = column_or_1d(y, warn=True)

2023-12-22 11:35:46,584:WARNING:C:\Users\14357\DOCUME~1\VIRTUA~1\STRESS~3\lib\site-packages\sklearn\utils\validation.py:1143: DataConversionWarning: A column-vector y was passed when a 1d array was expected. Please change the shape of y to (n_samples, ), for example using ravel().
  y = column_or_1d(y, warn=True)

2023-12-22 11:35:46,685:WARNING:C:/Users/14357/github/research/stressor/inst/python/refit.py:2: DataConversionWarning: A column-vector y was passed when a 1d array was expected. Please change the shape of y to (n_samples,), for example using ravel().
  refit_mlm_new_model = r.refit_mlm_temp.fit(r.refit_mlm_X, r.refit_mlm_y)

2023-12-22 11:35:47,008:WARNING:C:/Users/14357/github/research/stressor/inst/python/refit.py:2: DataConversionWarning: A column-vector y was passed when a 1d array was expected. Please change the shape of y to (n_samples,), for example using ravel().
  refit_mlm_new_model = r.refit_mlm_temp.fit(r.refit_mlm_X, r.refit_mlm_y)

2023-12-22 11:35:47,609:WARNING:C:\Users\14357\DOCUME~1\VIRTUA~1\STRESS~3\lib\site-packages\sklearn\utils\validation.py:1143: DataConversionWarning: A column-vector y was passed when a 1d array was expected. Please change the shape of y to (n_samples, ), for example using ravel().
  y = column_or_1d(y, warn=True)

2023-12-22 11:35:47,820:WARNING:C:\Users\14357\DOCUME~1\VIRTUA~1\STRESS~3\lib\site-packages\sklearn\utils\validation.py:1143: DataConversionWarning: A column-vector y was passed when a 1d array was expected. Please change the shape of y to (n_samples, ), for example using ravel().
  y = column_or_1d(y, warn=True)

2023-12-22 11:35:48,143:WARNING:C:\Users\14357\DOCUME~1\VIRTUA~1\STRESS~3\lib\site-packages\sklearn\utils\validation.py:1143: DataConversionWarning: A column-vector y was passed when a 1d array was expected. Please change the shape of y to (n_samples, ), for example using ravel().
  y = column_or_1d(y, warn=True)

2023-12-22 11:35:48,308:WARNING:C:\Users\14357\DOCUME~1\VIRTUA~1\STRESS~3\lib\site-packages\sklearn\utils\validation.py:1143: DataConversionWarning: A column-vector y was passed when a 1d array was expected. Please change the shape of y to (n_samples, ), for example using ravel().
  y = column_or_1d(y, warn=True)

2023-12-22 11:35:48,356:WARNING:C:\Users\14357\DOCUME~1\VIRTUA~1\STRESS~3\lib\site-packages\sklearn\ensemble\_gb.py:437: DataConversionWarning: A column-vector y was passed when a 1d array was expected. Please change the shape of y to (n_samples, ), for example using ravel().
  y = column_or_1d(y, warn=True)

2023-12-22 11:35:48,652:WARNING:C:\Users\14357\DOCUME~1\VIRTUA~1\STRESS~3\lib\site-packages\sklearn\utils\validation.py:1143: DataConversionWarning: A column-vector y was passed when a 1d array was expected. Please change the shape of y to (n_samples, ), for example using ravel().
  y = column_or_1d(y, warn=True)

2023-12-22 11:35:48,807:WARNING:C:/Users/14357/github/research/stressor/inst/python/refit.py:2: DataConversionWarning: A column-vector y was passed when a 1d array was expected. Please change the shape of y to (n_samples,), for example using ravel().
  refit_mlm_new_model = r.refit_mlm_temp.fit(r.refit_mlm_X, r.refit_mlm_y)

2023-12-22 11:35:49,144:WARNING:C:/Users/14357/github/research/stressor/inst/python/refit.py:2: DataConversionWarning: A column-vector y was passed when a 1d array was expected. Please change the shape of y to (n_samples,), for example using ravel().
  refit_mlm_new_model = r.refit_mlm_temp.fit(r.refit_mlm_X, r.refit_mlm_y)

2023-12-22 11:35:49,718:WARNING:C:\Users\14357\DOCUME~1\VIRTUA~1\STRESS~3\lib\site-packages\sklearn\utils\validation.py:1143: DataConversionWarning: A column-vector y was passed when a 1d array was expected. Please change the shape of y to (n_samples, ), for example using ravel().
  y = column_or_1d(y, warn=True)

2023-12-22 11:35:49,874:WARNING:C:\Users\14357\DOCUME~1\VIRTUA~1\STRESS~3\lib\site-packages\sklearn\utils\validation.py:1143: DataConversionWarning: A column-vector y was passed when a 1d array was expected. Please change the shape of y to (n_samples, ), for example using ravel().
  y = column_or_1d(y, warn=True)

2023-12-22 11:35:50,191:WARNING:C:\Users\14357\DOCUME~1\VIRTUA~1\STRESS~3\lib\site-packages\sklearn\utils\validation.py:1143: DataConversionWarning: A column-vector y was passed when a 1d array was expected. Please change the shape of y to (n_samples, ), for example using ravel().
  y = column_or_1d(y, warn=True)

2023-12-22 11:35:50,344:WARNING:C:\Users\14357\DOCUME~1\VIRTUA~1\STRESS~3\lib\site-packages\sklearn\utils\validation.py:1143: DataConversionWarning: A column-vector y was passed when a 1d array was expected. Please change the shape of y to (n_samples, ), for example using ravel().
  y = column_or_1d(y, warn=True)

2023-12-22 11:35:50,396:WARNING:C:\Users\14357\DOCUME~1\VIRTUA~1\STRESS~3\lib\site-packages\sklearn\ensemble\_gb.py:437: DataConversionWarning: A column-vector y was passed when a 1d array was expected. Please change the shape of y to (n_samples, ), for example using ravel().
  y = column_or_1d(y, warn=True)

2023-12-22 11:35:50,658:WARNING:C:\Users\14357\DOCUME~1\VIRTUA~1\STRESS~3\lib\site-packages\sklearn\utils\validation.py:1143: DataConversionWarning: A column-vector y was passed when a 1d array was expected. Please change the shape of y to (n_samples, ), for example using ravel().
  y = column_or_1d(y, warn=True)

2023-12-22 11:35:50,773:WARNING:C:/Users/14357/github/research/stressor/inst/python/refit.py:2: DataConversionWarning: A column-vector y was passed when a 1d array was expected. Please change the shape of y to (n_samples,), for example using ravel().
  refit_mlm_new_model = r.refit_mlm_temp.fit(r.refit_mlm_X, r.refit_mlm_y)

2023-12-22 11:35:51,081:WARNING:C:/Users/14357/github/research/stressor/inst/python/refit.py:2: DataConversionWarning: A column-vector y was passed when a 1d array was expected. Please change the shape of y to (n_samples,), for example using ravel().
  refit_mlm_new_model = r.refit_mlm_temp.fit(r.refit_mlm_X, r.refit_mlm_y)

2023-12-22 11:35:51,621:WARNING:C:\Users\14357\DOCUME~1\VIRTUA~1\STRESS~3\lib\site-packages\sklearn\utils\validation.py:1143: DataConversionWarning: A column-vector y was passed when a 1d array was expected. Please change the shape of y to (n_samples, ), for example using ravel().
  y = column_or_1d(y, warn=True)

2023-12-22 11:35:51,760:WARNING:C:\Users\14357\DOCUME~1\VIRTUA~1\STRESS~3\lib\site-packages\sklearn\utils\validation.py:1143: DataConversionWarning: A column-vector y was passed when a 1d array was expected. Please change the shape of y to (n_samples, ), for example using ravel().
  y = column_or_1d(y, warn=True)

2023-12-22 12:26:35,151:WARNING:
'cuml' is a soft dependency and not included in the pycaret installation. Please run: `pip install cuml` to install.
2023-12-22 12:26:35,151:WARNING:
'cuml' is a soft dependency and not included in the pycaret installation. Please run: `pip install cuml` to install.
2023-12-22 12:26:35,151:WARNING:
'cuml' is a soft dependency and not included in the pycaret installation. Please run: `pip install cuml` to install.
2023-12-22 12:26:35,151:WARNING:
'cuml' is a soft dependency and not included in the pycaret installation. Please run: `pip install cuml` to install.
2023-12-22 12:26:37,282:WARNING:
'xgboost' is a soft dependency and not included in the pycaret installation. Please run: `pip install xgboost` to install.
Alternately, you can install this by running `pip install pycaret[models]`
2023-12-22 12:26:37,284:WARNING:
'catboost' is a soft dependency and not included in the pycaret installation. Please run: `pip install catboost` to install.
Alternately, you can install this by running `pip install pycaret[models]`
2023-12-22 12:26:37,460:WARNING:
'xgboost' is a soft dependency and not included in the pycaret installation. Please run: `pip install xgboost` to install.
Alternately, you can install this by running `pip install pycaret[models]`
2023-12-22 12:26:37,460:WARNING:
'catboost' is a soft dependency and not included in the pycaret installation. Please run: `pip install catboost` to install.
Alternately, you can install this by running `pip install pycaret[models]`
2023-12-22 12:26:37,649:WARNING:
'xgboost' is a soft dependency and not included in the pycaret installation. Please run: `pip install xgboost` to install.
Alternately, you can install this by running `pip install pycaret[models]`
2023-12-22 12:26:37,649:WARNING:
'catboost' is a soft dependency and not included in the pycaret installation. Please run: `pip install catboost` to install.
Alternately, you can install this by running `pip install pycaret[models]`
2023-12-22 12:26:37,841:WARNING:
'xgboost' is a soft dependency and not included in the pycaret installation. Please run: `pip install xgboost` to install.
Alternately, you can install this by running `pip install pycaret[models]`
2023-12-22 12:26:37,854:WARNING:
'catboost' is a soft dependency and not included in the pycaret installation. Please run: `pip install catboost` to install.
Alternately, you can install this by running `pip install pycaret[models]`
2023-12-22 12:26:38,036:WARNING:
'xgboost' is a soft dependency and not included in the pycaret installation. Please run: `pip install xgboost` to install.
Alternately, you can install this by running `pip install pycaret[models]`
2023-12-22 12:26:38,036:WARNING:
'catboost' is a soft dependency and not included in the pycaret installation. Please run: `pip install catboost` to install.
Alternately, you can install this by running `pip install pycaret[models]`
2023-12-22 12:26:38,223:WARNING:
'xgboost' is a soft dependency and not included in the pycaret installation. Please run: `pip install xgboost` to install.
Alternately, you can install this by running `pip install pycaret[models]`
2023-12-22 12:26:38,223:WARNING:
'catboost' is a soft dependency and not included in the pycaret installation. Please run: `pip install catboost` to install.
Alternately, you can install this by running `pip install pycaret[models]`
2023-12-22 12:26:38,423:WARNING:
'xgboost' is a soft dependency and not included in the pycaret installation. Please run: `pip install xgboost` to install.
Alternately, you can install this by running `pip install pycaret[models]`
2023-12-22 12:26:38,423:WARNING:
'catboost' is a soft dependency and not included in the pycaret installation. Please run: `pip install catboost` to install.
Alternately, you can install this by running `pip install pycaret[models]`
2023-12-22 12:26:38,610:WARNING:
'xgboost' is a soft dependency and not included in the pycaret installation. Please run: `pip install xgboost` to install.
Alternately, you can install this by running `pip install pycaret[models]`
2023-12-22 12:26:38,610:WARNING:
'catboost' is a soft dependency and not included in the pycaret installation. Please run: `pip install catboost` to install.
Alternately, you can install this by running `pip install pycaret[models]`
2023-12-22 12:26:38,784:WARNING:
'xgboost' is a soft dependency and not included in the pycaret installation. Please run: `pip install xgboost` to install.
Alternately, you can install this by running `pip install pycaret[models]`
2023-12-22 12:26:38,784:WARNING:
'catboost' is a soft dependency and not included in the pycaret installation. Please run: `pip install catboost` to install.
Alternately, you can install this by running `pip install pycaret[models]`
2023-12-22 12:26:38,993:WARNING:
'xgboost' is a soft dependency and not included in the pycaret installation. Please run: `pip install xgboost` to install.
Alternately, you can install this by running `pip install pycaret[models]`
2023-12-22 12:26:38,993:WARNING:
'catboost' is a soft dependency and not included in the pycaret installation. Please run: `pip install catboost` to install.
Alternately, you can install this by running `pip install pycaret[models]`
2023-12-22 12:26:39,172:WARNING:
'xgboost' is a soft dependency and not included in the pycaret installation. Please run: `pip install xgboost` to install.
Alternately, you can install this by running `pip install pycaret[models]`
2023-12-22 12:26:39,172:WARNING:
'catboost' is a soft dependency and not included in the pycaret installation. Please run: `pip install catboost` to install.
Alternately, you can install this by running `pip install pycaret[models]`
2023-12-22 12:26:39,355:WARNING:
'xgboost' is a soft dependency and not included in the pycaret installation. Please run: `pip install xgboost` to install.
Alternately, you can install this by running `pip install pycaret[models]`
2023-12-22 12:26:39,355:WARNING:
'catboost' is a soft dependency and not included in the pycaret installation. Please run: `pip install catboost` to install.
Alternately, you can install this by running `pip install pycaret[models]`
2023-12-22 12:26:39,637:WARNING:
'xgboost' is a soft dependency and not included in the pycaret installation. Please run: `pip install xgboost` to install.
Alternately, you can install this by running `pip install pycaret[models]`
2023-12-22 12:26:39,638:WARNING:
'catboost' is a soft dependency and not included in the pycaret installation. Please run: `pip install catboost` to install.
Alternately, you can install this by running `pip install pycaret[models]`
2023-12-22 12:26:39,821:WARNING:
'xgboost' is a soft dependency and not included in the pycaret installation. Please run: `pip install xgboost` to install.
Alternately, you can install this by running `pip install pycaret[models]`
2023-12-22 12:26:39,821:WARNING:
'catboost' is a soft dependency and not included in the pycaret installation. Please run: `pip install catboost` to install.
Alternately, you can install this by running `pip install pycaret[models]`
2023-12-22 12:27:01,964:WARNING:C:\Users\14357\DOCUME~1\VIRTUA~1\STRESS~3\lib\site-packages\sklearn\utils\validation.py:1143: DataConversionWarning: A column-vector y was passed when a 1d array was expected. Please change the shape of y to (n_samples, ), for example using ravel().
  y = column_or_1d(y, warn=True)

2023-12-22 12:27:02,011:WARNING:C:\Users\14357\DOCUME~1\VIRTUA~1\STRESS~3\lib\site-packages\sklearn\utils\validation.py:1143: DataConversionWarning: A column-vector y was passed when a 1d array was expected. Please change the shape of y to (n_samples, ), for example using ravel().
  y = column_or_1d(y, warn=True)

2023-12-22 12:27:02,128:WARNING:C:\Users\14357\DOCUME~1\VIRTUA~1\STRESS~3\lib\site-packages\sklearn\ensemble\_gb.py:437: DataConversionWarning: A column-vector y was passed when a 1d array was expected. Please change the shape of y to (n_samples, ), for example using ravel().
  y = column_or_1d(y, warn=True)

2023-12-22 12:27:02,367:WARNING:C:\Users\14357\DOCUME~1\VIRTUA~1\STRESS~3\lib\site-packages\sklearn\utils\validation.py:1143: DataConversionWarning: A column-vector y was passed when a 1d array was expected. Please change the shape of y to (n_samples, ), for example using ravel().
  y = column_or_1d(y, warn=True)

2023-12-22 12:27:02,660:WARNING:C:/Users/14357/AppData/Local/R/win-library/4.3/stressor/python/refit.py:2: DataConversionWarning: A column-vector y was passed when a 1d array was expected. Please change the shape of y to (n_samples,), for example using ravel().
  refit_mlm_new_model = r.refit_mlm_temp.fit(r.refit_mlm_X, r.refit_mlm_y)

2023-12-22 12:27:02,942:WARNING:C:/Users/14357/AppData/Local/R/win-library/4.3/stressor/python/refit.py:2: DataConversionWarning: A column-vector y was passed when a 1d array was expected. Please change the shape of y to (n_samples,), for example using ravel().
  refit_mlm_new_model = r.refit_mlm_temp.fit(r.refit_mlm_X, r.refit_mlm_y)

2023-12-22 12:27:03,403:WARNING:C:\Users\14357\DOCUME~1\VIRTUA~1\STRESS~3\lib\site-packages\sklearn\utils\validation.py:1143: DataConversionWarning: A column-vector y was passed when a 1d array was expected. Please change the shape of y to (n_samples, ), for example using ravel().
  y = column_or_1d(y, warn=True)

2023-12-22 12:27:03,560:WARNING:C:\Users\14357\DOCUME~1\VIRTUA~1\STRESS~3\lib\site-packages\sklearn\utils\validation.py:1143: DataConversionWarning: A column-vector y was passed when a 1d array was expected. Please change the shape of y to (n_samples, ), for example using ravel().
  y = column_or_1d(y, warn=True)

2023-12-22 12:27:04,169:WARNING:C:\Users\14357\DOCUME~1\VIRTUA~1\STRESS~3\lib\site-packages\sklearn\utils\validation.py:1143: DataConversionWarning: A column-vector y was passed when a 1d array was expected. Please change the shape of y to (n_samples, ), for example using ravel().
  y = column_or_1d(y, warn=True)

2023-12-22 12:27:04,219:WARNING:C:\Users\14357\DOCUME~1\VIRTUA~1\STRESS~3\lib\site-packages\sklearn\utils\validation.py:1143: DataConversionWarning: A column-vector y was passed when a 1d array was expected. Please change the shape of y to (n_samples, ), for example using ravel().
  y = column_or_1d(y, warn=True)

2023-12-22 12:27:04,284:WARNING:C:\Users\14357\DOCUME~1\VIRTUA~1\STRESS~3\lib\site-packages\sklearn\ensemble\_gb.py:437: DataConversionWarning: A column-vector y was passed when a 1d array was expected. Please change the shape of y to (n_samples, ), for example using ravel().
  y = column_or_1d(y, warn=True)

2023-12-22 12:27:04,508:WARNING:C:\Users\14357\DOCUME~1\VIRTUA~1\STRESS~3\lib\site-packages\sklearn\utils\validation.py:1143: DataConversionWarning: A column-vector y was passed when a 1d array was expected. Please change the shape of y to (n_samples, ), for example using ravel().
  y = column_or_1d(y, warn=True)

2023-12-22 12:27:04,683:WARNING:C:/Users/14357/AppData/Local/R/win-library/4.3/stressor/python/refit.py:2: DataConversionWarning: A column-vector y was passed when a 1d array was expected. Please change the shape of y to (n_samples,), for example using ravel().
  refit_mlm_new_model = r.refit_mlm_temp.fit(r.refit_mlm_X, r.refit_mlm_y)

2023-12-22 12:27:04,930:WARNING:C:/Users/14357/AppData/Local/R/win-library/4.3/stressor/python/refit.py:2: DataConversionWarning: A column-vector y was passed when a 1d array was expected. Please change the shape of y to (n_samples,), for example using ravel().
  refit_mlm_new_model = r.refit_mlm_temp.fit(r.refit_mlm_X, r.refit_mlm_y)

2023-12-22 12:27:05,382:WARNING:C:\Users\14357\DOCUME~1\VIRTUA~1\STRESS~3\lib\site-packages\sklearn\utils\validation.py:1143: DataConversionWarning: A column-vector y was passed when a 1d array was expected. Please change the shape of y to (n_samples, ), for example using ravel().
  y = column_or_1d(y, warn=True)

2023-12-22 12:27:05,534:WARNING:C:\Users\14357\DOCUME~1\VIRTUA~1\STRESS~3\lib\site-packages\sklearn\utils\validation.py:1143: DataConversionWarning: A column-vector y was passed when a 1d array was expected. Please change the shape of y to (n_samples, ), for example using ravel().
  y = column_or_1d(y, warn=True)

2023-12-22 12:27:06,166:WARNING:C:\Users\14357\DOCUME~1\VIRTUA~1\STRESS~3\lib\site-packages\sklearn\utils\validation.py:1143: DataConversionWarning: A column-vector y was passed when a 1d array was expected. Please change the shape of y to (n_samples, ), for example using ravel().
  y = column_or_1d(y, warn=True)

2023-12-22 12:27:06,212:WARNING:C:\Users\14357\DOCUME~1\VIRTUA~1\STRESS~3\lib\site-packages\sklearn\utils\validation.py:1143: DataConversionWarning: A column-vector y was passed when a 1d array was expected. Please change the shape of y to (n_samples, ), for example using ravel().
  y = column_or_1d(y, warn=True)

2023-12-22 12:27:06,262:WARNING:C:\Users\14357\DOCUME~1\VIRTUA~1\STRESS~3\lib\site-packages\sklearn\ensemble\_gb.py:437: DataConversionWarning: A column-vector y was passed when a 1d array was expected. Please change the shape of y to (n_samples, ), for example using ravel().
  y = column_or_1d(y, warn=True)

2023-12-22 12:27:06,497:WARNING:C:\Users\14357\DOCUME~1\VIRTUA~1\STRESS~3\lib\site-packages\sklearn\utils\validation.py:1143: DataConversionWarning: A column-vector y was passed when a 1d array was expected. Please change the shape of y to (n_samples, ), for example using ravel().
  y = column_or_1d(y, warn=True)

2023-12-22 12:27:06,658:WARNING:C:/Users/14357/AppData/Local/R/win-library/4.3/stressor/python/refit.py:2: DataConversionWarning: A column-vector y was passed when a 1d array was expected. Please change the shape of y to (n_samples,), for example using ravel().
  refit_mlm_new_model = r.refit_mlm_temp.fit(r.refit_mlm_X, r.refit_mlm_y)

2023-12-22 12:27:06,923:WARNING:C:/Users/14357/AppData/Local/R/win-library/4.3/stressor/python/refit.py:2: DataConversionWarning: A column-vector y was passed when a 1d array was expected. Please change the shape of y to (n_samples,), for example using ravel().
  refit_mlm_new_model = r.refit_mlm_temp.fit(r.refit_mlm_X, r.refit_mlm_y)

2023-12-22 12:27:07,360:WARNING:C:\Users\14357\DOCUME~1\VIRTUA~1\STRESS~3\lib\site-packages\sklearn\utils\validation.py:1143: DataConversionWarning: A column-vector y was passed when a 1d array was expected. Please change the shape of y to (n_samples, ), for example using ravel().
  y = column_or_1d(y, warn=True)

2023-12-22 12:27:07,528:WARNING:C:\Users\14357\DOCUME~1\VIRTUA~1\STRESS~3\lib\site-packages\sklearn\utils\validation.py:1143: DataConversionWarning: A column-vector y was passed when a 1d array was expected. Please change the shape of y to (n_samples, ), for example using ravel().
  y = column_or_1d(y, warn=True)

2023-12-22 12:27:08,089:WARNING:C:\Users\14357\DOCUME~1\VIRTUA~1\STRESS~3\lib\site-packages\sklearn\utils\validation.py:1143: DataConversionWarning: A column-vector y was passed when a 1d array was expected. Please change the shape of y to (n_samples, ), for example using ravel().
  y = column_or_1d(y, warn=True)

2023-12-22 12:27:08,137:WARNING:C:\Users\14357\DOCUME~1\VIRTUA~1\STRESS~3\lib\site-packages\sklearn\utils\validation.py:1143: DataConversionWarning: A column-vector y was passed when a 1d array was expected. Please change the shape of y to (n_samples, ), for example using ravel().
  y = column_or_1d(y, warn=True)

2023-12-22 12:27:08,196:WARNING:C:\Users\14357\DOCUME~1\VIRTUA~1\STRESS~3\lib\site-packages\sklearn\ensemble\_gb.py:437: DataConversionWarning: A column-vector y was passed when a 1d array was expected. Please change the shape of y to (n_samples, ), for example using ravel().
  y = column_or_1d(y, warn=True)

2023-12-22 12:27:08,412:WARNING:C:\Users\14357\DOCUME~1\VIRTUA~1\STRESS~3\lib\site-packages\sklearn\utils\validation.py:1143: DataConversionWarning: A column-vector y was passed when a 1d array was expected. Please change the shape of y to (n_samples, ), for example using ravel().
  y = column_or_1d(y, warn=True)

2023-12-22 12:27:08,644:WARNING:C:/Users/14357/AppData/Local/R/win-library/4.3/stressor/python/refit.py:2: DataConversionWarning: A column-vector y was passed when a 1d array was expected. Please change the shape of y to (n_samples,), for example using ravel().
  refit_mlm_new_model = r.refit_mlm_temp.fit(r.refit_mlm_X, r.refit_mlm_y)

2023-12-22 12:27:08,897:WARNING:C:/Users/14357/AppData/Local/R/win-library/4.3/stressor/python/refit.py:2: DataConversionWarning: A column-vector y was passed when a 1d array was expected. Please change the shape of y to (n_samples,), for example using ravel().
  refit_mlm_new_model = r.refit_mlm_temp.fit(r.refit_mlm_X, r.refit_mlm_y)

2023-12-22 12:27:09,344:WARNING:C:\Users\14357\DOCUME~1\VIRTUA~1\STRESS~3\lib\site-packages\sklearn\utils\validation.py:1143: DataConversionWarning: A column-vector y was passed when a 1d array was expected. Please change the shape of y to (n_samples, ), for example using ravel().
  y = column_or_1d(y, warn=True)

2023-12-22 12:27:09,511:WARNING:C:\Users\14357\DOCUME~1\VIRTUA~1\STRESS~3\lib\site-packages\sklearn\utils\validation.py:1143: DataConversionWarning: A column-vector y was passed when a 1d array was expected. Please change the shape of y to (n_samples, ), for example using ravel().
  y = column_or_1d(y, warn=True)

2023-12-22 12:27:10,092:WARNING:C:\Users\14357\DOCUME~1\VIRTUA~1\STRESS~3\lib\site-packages\sklearn\utils\validation.py:1143: DataConversionWarning: A column-vector y was passed when a 1d array was expected. Please change the shape of y to (n_samples, ), for example using ravel().
  y = column_or_1d(y, warn=True)

2023-12-22 12:27:10,146:WARNING:C:\Users\14357\DOCUME~1\VIRTUA~1\STRESS~3\lib\site-packages\sklearn\utils\validation.py:1143: DataConversionWarning: A column-vector y was passed when a 1d array was expected. Please change the shape of y to (n_samples, ), for example using ravel().
  y = column_or_1d(y, warn=True)

2023-12-22 12:27:10,198:WARNING:C:\Users\14357\DOCUME~1\VIRTUA~1\STRESS~3\lib\site-packages\sklearn\ensemble\_gb.py:437: DataConversionWarning: A column-vector y was passed when a 1d array was expected. Please change the shape of y to (n_samples, ), for example using ravel().
  y = column_or_1d(y, warn=True)

2023-12-22 12:27:10,405:WARNING:C:\Users\14357\DOCUME~1\VIRTUA~1\STRESS~3\lib\site-packages\sklearn\utils\validation.py:1143: DataConversionWarning: A column-vector y was passed when a 1d array was expected. Please change the shape of y to (n_samples, ), for example using ravel().
  y = column_or_1d(y, warn=True)

2023-12-22 12:27:10,637:WARNING:C:/Users/14357/AppData/Local/R/win-library/4.3/stressor/python/refit.py:2: DataConversionWarning: A column-vector y was passed when a 1d array was expected. Please change the shape of y to (n_samples,), for example using ravel().
  refit_mlm_new_model = r.refit_mlm_temp.fit(r.refit_mlm_X, r.refit_mlm_y)

2023-12-22 12:27:10,854:WARNING:C:/Users/14357/AppData/Local/R/win-library/4.3/stressor/python/refit.py:2: DataConversionWarning: A column-vector y was passed when a 1d array was expected. Please change the shape of y to (n_samples,), for example using ravel().
  refit_mlm_new_model = r.refit_mlm_temp.fit(r.refit_mlm_X, r.refit_mlm_y)

2023-12-22 12:27:11,194:WARNING:C:\Users\14357\DOCUME~1\VIRTUA~1\STRESS~3\lib\site-packages\sklearn\utils\validation.py:1143: DataConversionWarning: A column-vector y was passed when a 1d array was expected. Please change the shape of y to (n_samples, ), for example using ravel().
  y = column_or_1d(y, warn=True)

2023-12-22 12:27:11,302:WARNING:C:\Users\14357\DOCUME~1\VIRTUA~1\STRESS~3\lib\site-packages\sklearn\utils\validation.py:1143: DataConversionWarning: A column-vector y was passed when a 1d array was expected. Please change the shape of y to (n_samples, ), for example using ravel().
  y = column_or_1d(y, warn=True)

2023-12-22 12:27:11,749:WARNING:C:\Users\14357\DOCUME~1\VIRTUA~1\STRESS~3\lib\site-packages\sklearn\utils\validation.py:1143: DataConversionWarning: A column-vector y was passed when a 1d array was expected. Please change the shape of y to (n_samples, ), for example using ravel().
  y = column_or_1d(y, warn=True)

2023-12-22 12:27:11,790:WARNING:C:\Users\14357\DOCUME~1\VIRTUA~1\STRESS~3\lib\site-packages\sklearn\utils\validation.py:1143: DataConversionWarning: A column-vector y was passed when a 1d array was expected. Please change the shape of y to (n_samples, ), for example using ravel().
  y = column_or_1d(y, warn=True)

2023-12-22 12:27:11,849:WARNING:C:\Users\14357\DOCUME~1\VIRTUA~1\STRESS~3\lib\site-packages\sklearn\ensemble\_gb.py:437: DataConversionWarning: A column-vector y was passed when a 1d array was expected. Please change the shape of y to (n_samples, ), for example using ravel().
  y = column_or_1d(y, warn=True)

2023-12-22 12:27:12,006:WARNING:C:\Users\14357\DOCUME~1\VIRTUA~1\STRESS~3\lib\site-packages\sklearn\utils\validation.py:1143: DataConversionWarning: A column-vector y was passed when a 1d array was expected. Please change the shape of y to (n_samples, ), for example using ravel().
  y = column_or_1d(y, warn=True)

2023-12-22 12:27:12,167:WARNING:C:/Users/14357/AppData/Local/R/win-library/4.3/stressor/python/refit.py:2: DataConversionWarning: A column-vector y was passed when a 1d array was expected. Please change the shape of y to (n_samples,), for example using ravel().
  refit_mlm_new_model = r.refit_mlm_temp.fit(r.refit_mlm_X, r.refit_mlm_y)

2023-12-22 12:27:12,359:WARNING:C:/Users/14357/AppData/Local/R/win-library/4.3/stressor/python/refit.py:2: DataConversionWarning: A column-vector y was passed when a 1d array was expected. Please change the shape of y to (n_samples,), for example using ravel().
  refit_mlm_new_model = r.refit_mlm_temp.fit(r.refit_mlm_X, r.refit_mlm_y)

2023-12-22 12:27:12,686:WARNING:C:\Users\14357\DOCUME~1\VIRTUA~1\STRESS~3\lib\site-packages\sklearn\utils\validation.py:1143: DataConversionWarning: A column-vector y was passed when a 1d array was expected. Please change the shape of y to (n_samples, ), for example using ravel().
  y = column_or_1d(y, warn=True)

2023-12-22 12:27:12,797:WARNING:C:\Users\14357\DOCUME~1\VIRTUA~1\STRESS~3\lib\site-packages\sklearn\utils\validation.py:1143: DataConversionWarning: A column-vector y was passed when a 1d array was expected. Please change the shape of y to (n_samples, ), for example using ravel().
  y = column_or_1d(y, warn=True)

2023-12-22 12:27:13,252:WARNING:C:\Users\14357\DOCUME~1\VIRTUA~1\STRESS~3\lib\site-packages\sklearn\utils\validation.py:1143: DataConversionWarning: A column-vector y was passed when a 1d array was expected. Please change the shape of y to (n_samples, ), for example using ravel().
  y = column_or_1d(y, warn=True)

2023-12-22 12:27:13,289:WARNING:C:\Users\14357\DOCUME~1\VIRTUA~1\STRESS~3\lib\site-packages\sklearn\utils\validation.py:1143: DataConversionWarning: A column-vector y was passed when a 1d array was expected. Please change the shape of y to (n_samples, ), for example using ravel().
  y = column_or_1d(y, warn=True)

2023-12-22 12:27:13,337:WARNING:C:\Users\14357\DOCUME~1\VIRTUA~1\STRESS~3\lib\site-packages\sklearn\ensemble\_gb.py:437: DataConversionWarning: A column-vector y was passed when a 1d array was expected. Please change the shape of y to (n_samples, ), for example using ravel().
  y = column_or_1d(y, warn=True)

2023-12-22 12:27:13,512:WARNING:C:\Users\14357\DOCUME~1\VIRTUA~1\STRESS~3\lib\site-packages\sklearn\utils\validation.py:1143: DataConversionWarning: A column-vector y was passed when a 1d array was expected. Please change the shape of y to (n_samples, ), for example using ravel().
  y = column_or_1d(y, warn=True)

2023-12-22 12:27:13,723:WARNING:C:/Users/14357/AppData/Local/R/win-library/4.3/stressor/python/refit.py:2: DataConversionWarning: A column-vector y was passed when a 1d array was expected. Please change the shape of y to (n_samples,), for example using ravel().
  refit_mlm_new_model = r.refit_mlm_temp.fit(r.refit_mlm_X, r.refit_mlm_y)

2023-12-22 12:27:13,919:WARNING:C:/Users/14357/AppData/Local/R/win-library/4.3/stressor/python/refit.py:2: DataConversionWarning: A column-vector y was passed when a 1d array was expected. Please change the shape of y to (n_samples,), for example using ravel().
  refit_mlm_new_model = r.refit_mlm_temp.fit(r.refit_mlm_X, r.refit_mlm_y)

2023-12-22 12:27:14,236:WARNING:C:\Users\14357\DOCUME~1\VIRTUA~1\STRESS~3\lib\site-packages\sklearn\utils\validation.py:1143: DataConversionWarning: A column-vector y was passed when a 1d array was expected. Please change the shape of y to (n_samples, ), for example using ravel().
  y = column_or_1d(y, warn=True)

2023-12-22 12:27:14,352:WARNING:C:\Users\14357\DOCUME~1\VIRTUA~1\STRESS~3\lib\site-packages\sklearn\utils\validation.py:1143: DataConversionWarning: A column-vector y was passed when a 1d array was expected. Please change the shape of y to (n_samples, ), for example using ravel().
  y = column_or_1d(y, warn=True)

2023-12-22 12:27:14,793:WARNING:C:\Users\14357\DOCUME~1\VIRTUA~1\STRESS~3\lib\site-packages\sklearn\utils\validation.py:1143: DataConversionWarning: A column-vector y was passed when a 1d array was expected. Please change the shape of y to (n_samples, ), for example using ravel().
  y = column_or_1d(y, warn=True)

2023-12-22 12:27:14,840:WARNING:C:\Users\14357\DOCUME~1\VIRTUA~1\STRESS~3\lib\site-packages\sklearn\utils\validation.py:1143: DataConversionWarning: A column-vector y was passed when a 1d array was expected. Please change the shape of y to (n_samples, ), for example using ravel().
  y = column_or_1d(y, warn=True)

2023-12-22 12:27:14,889:WARNING:C:\Users\14357\DOCUME~1\VIRTUA~1\STRESS~3\lib\site-packages\sklearn\ensemble\_gb.py:437: DataConversionWarning: A column-vector y was passed when a 1d array was expected. Please change the shape of y to (n_samples, ), for example using ravel().
  y = column_or_1d(y, warn=True)

2023-12-22 12:27:15,063:WARNING:C:\Users\14357\DOCUME~1\VIRTUA~1\STRESS~3\lib\site-packages\sklearn\utils\validation.py:1143: DataConversionWarning: A column-vector y was passed when a 1d array was expected. Please change the shape of y to (n_samples, ), for example using ravel().
  y = column_or_1d(y, warn=True)

2023-12-22 12:27:15,251:WARNING:C:/Users/14357/AppData/Local/R/win-library/4.3/stressor/python/refit.py:2: DataConversionWarning: A column-vector y was passed when a 1d array was expected. Please change the shape of y to (n_samples,), for example using ravel().
  refit_mlm_new_model = r.refit_mlm_temp.fit(r.refit_mlm_X, r.refit_mlm_y)

2023-12-22 12:27:15,435:WARNING:C:/Users/14357/AppData/Local/R/win-library/4.3/stressor/python/refit.py:2: DataConversionWarning: A column-vector y was passed when a 1d array was expected. Please change the shape of y to (n_samples,), for example using ravel().
  refit_mlm_new_model = r.refit_mlm_temp.fit(r.refit_mlm_X, r.refit_mlm_y)

2023-12-22 12:27:15,774:WARNING:C:\Users\14357\DOCUME~1\VIRTUA~1\STRESS~3\lib\site-packages\sklearn\utils\validation.py:1143: DataConversionWarning: A column-vector y was passed when a 1d array was expected. Please change the shape of y to (n_samples, ), for example using ravel().
  y = column_or_1d(y, warn=True)

2023-12-22 12:27:15,909:WARNING:C:\Users\14357\DOCUME~1\VIRTUA~1\STRESS~3\lib\site-packages\sklearn\utils\validation.py:1143: DataConversionWarning: A column-vector y was passed when a 1d array was expected. Please change the shape of y to (n_samples, ), for example using ravel().
  y = column_or_1d(y, warn=True)

2023-12-22 12:27:16,411:WARNING:C:\Users\14357\DOCUME~1\VIRTUA~1\STRESS~3\lib\site-packages\sklearn\utils\validation.py:1143: DataConversionWarning: A column-vector y was passed when a 1d array was expected. Please change the shape of y to (n_samples, ), for example using ravel().
  y = column_or_1d(y, warn=True)

2023-12-22 12:27:16,469:WARNING:C:\Users\14357\DOCUME~1\VIRTUA~1\STRESS~3\lib\site-packages\sklearn\utils\validation.py:1143: DataConversionWarning: A column-vector y was passed when a 1d array was expected. Please change the shape of y to (n_samples, ), for example using ravel().
  y = column_or_1d(y, warn=True)

2023-12-22 12:27:16,511:WARNING:C:\Users\14357\DOCUME~1\VIRTUA~1\STRESS~3\lib\site-packages\sklearn\ensemble\_gb.py:437: DataConversionWarning: A column-vector y was passed when a 1d array was expected. Please change the shape of y to (n_samples, ), for example using ravel().
  y = column_or_1d(y, warn=True)

2023-12-22 12:27:16,677:WARNING:C:\Users\14357\DOCUME~1\VIRTUA~1\STRESS~3\lib\site-packages\sklearn\utils\validation.py:1143: DataConversionWarning: A column-vector y was passed when a 1d array was expected. Please change the shape of y to (n_samples, ), for example using ravel().
  y = column_or_1d(y, warn=True)

2023-12-22 12:27:16,864:WARNING:C:/Users/14357/AppData/Local/R/win-library/4.3/stressor/python/refit.py:2: DataConversionWarning: A column-vector y was passed when a 1d array was expected. Please change the shape of y to (n_samples,), for example using ravel().
  refit_mlm_new_model = r.refit_mlm_temp.fit(r.refit_mlm_X, r.refit_mlm_y)

2023-12-22 12:27:17,059:WARNING:C:/Users/14357/AppData/Local/R/win-library/4.3/stressor/python/refit.py:2: DataConversionWarning: A column-vector y was passed when a 1d array was expected. Please change the shape of y to (n_samples,), for example using ravel().
  refit_mlm_new_model = r.refit_mlm_temp.fit(r.refit_mlm_X, r.refit_mlm_y)

2023-12-22 12:27:17,405:WARNING:C:\Users\14357\DOCUME~1\VIRTUA~1\STRESS~3\lib\site-packages\sklearn\utils\validation.py:1143: DataConversionWarning: A column-vector y was passed when a 1d array was expected. Please change the shape of y to (n_samples, ), for example using ravel().
  y = column_or_1d(y, warn=True)

2023-12-22 12:27:17,518:WARNING:C:\Users\14357\DOCUME~1\VIRTUA~1\STRESS~3\lib\site-packages\sklearn\utils\validation.py:1143: DataConversionWarning: A column-vector y was passed when a 1d array was expected. Please change the shape of y to (n_samples, ), for example using ravel().
  y = column_or_1d(y, warn=True)

2023-12-22 12:27:17,957:WARNING:C:\Users\14357\DOCUME~1\VIRTUA~1\STRESS~3\lib\site-packages\sklearn\utils\validation.py:1143: DataConversionWarning: A column-vector y was passed when a 1d array was expected. Please change the shape of y to (n_samples, ), for example using ravel().
  y = column_or_1d(y, warn=True)

2023-12-22 12:27:18,022:WARNING:C:\Users\14357\DOCUME~1\VIRTUA~1\STRESS~3\lib\site-packages\sklearn\utils\validation.py:1143: DataConversionWarning: A column-vector y was passed when a 1d array was expected. Please change the shape of y to (n_samples, ), for example using ravel().
  y = column_or_1d(y, warn=True)

2023-12-22 12:27:18,067:WARNING:C:\Users\14357\DOCUME~1\VIRTUA~1\STRESS~3\lib\site-packages\sklearn\ensemble\_gb.py:437: DataConversionWarning: A column-vector y was passed when a 1d array was expected. Please change the shape of y to (n_samples, ), for example using ravel().
  y = column_or_1d(y, warn=True)

2023-12-22 12:27:18,227:WARNING:C:\Users\14357\DOCUME~1\VIRTUA~1\STRESS~3\lib\site-packages\sklearn\utils\validation.py:1143: DataConversionWarning: A column-vector y was passed when a 1d array was expected. Please change the shape of y to (n_samples, ), for example using ravel().
  y = column_or_1d(y, warn=True)

2023-12-22 12:27:18,444:WARNING:C:/Users/14357/AppData/Local/R/win-library/4.3/stressor/python/refit.py:2: DataConversionWarning: A column-vector y was passed when a 1d array was expected. Please change the shape of y to (n_samples,), for example using ravel().
  refit_mlm_new_model = r.refit_mlm_temp.fit(r.refit_mlm_X, r.refit_mlm_y)

2023-12-22 12:27:18,633:WARNING:C:/Users/14357/AppData/Local/R/win-library/4.3/stressor/python/refit.py:2: DataConversionWarning: A column-vector y was passed when a 1d array was expected. Please change the shape of y to (n_samples,), for example using ravel().
  refit_mlm_new_model = r.refit_mlm_temp.fit(r.refit_mlm_X, r.refit_mlm_y)

2023-12-22 12:27:18,968:WARNING:C:\Users\14357\DOCUME~1\VIRTUA~1\STRESS~3\lib\site-packages\sklearn\utils\validation.py:1143: DataConversionWarning: A column-vector y was passed when a 1d array was expected. Please change the shape of y to (n_samples, ), for example using ravel().
  y = column_or_1d(y, warn=True)

2023-12-22 12:27:19,100:WARNING:C:\Users\14357\DOCUME~1\VIRTUA~1\STRESS~3\lib\site-packages\sklearn\utils\validation.py:1143: DataConversionWarning: A column-vector y was passed when a 1d array was expected. Please change the shape of y to (n_samples, ), for example using ravel().
  y = column_or_1d(y, warn=True)

